app/build/outputs/logs/manifest-merger-debug-report.txt
-- Merging decision tree log ---
provider#android.support.v4.content.FileProvider
INJECTED from src\main\AndroidManifest.xml:57:9-66:20
INJECTED from src\main\AndroidManifest.xml:57:9-66:20
	android:readPermission
		INJECTED from src\main\AndroidManifest.xml
		ADDED from src\main\AndroidManifest.xml:62:13-81
	android:grantUriPermissions
		ADDED from src\main\AndroidManifest.xml:61:13-47
	android:authorities
		INJECTED from src\main\AndroidManifest.xml
		ADDED from src\main\AndroidManifest.xml:59:13-73
	android:exported
		ADDED from src\main\AndroidManifest.xml:60:13-37
	android:name
		ADDED from src\main\AndroidManifest.xml:58:13-67
manifest
ADDED from src\main\AndroidManifest.xml:2:1-159:12
INJECTED from src\main\AndroidManifest.xml:2:1-159:12
INJECTED from src\main\AndroidManifest.xml:2:1-159:12
INJECTED from src\main\AndroidManifest.xml:2:1-159:12
MERGED from [io.realm:realm-android-library:5.1.0] AndroidManifest.xml:2:1-10:12
MERGED from [com.mikepenz:materialdrawer:6.0.7] AndroidManifest.xml:2:1-11:12
MERGED from [com.android.support:design:27.1.1] AndroidManifest.xml:17:1-22:12
MERGED from [uk.co.chrisjenx:calligraphy:2.3.0] AndroidManifest.xml:2:1-13:12
MERGED from [com.android.support:appcompat-v7:27.1.1] AndroidManifest.xml:17:1-22:12
MERGED from [com.android.support:support-v4:27.1.1] AndroidManifest.xml:17:1-22:12
MERGED from [com.android.support.constraint:constraint-layout:1.1.3] AndroidManifest.xml:2:1-11:12
MERGED from [com.android.support:cardview-v7:27.1.1] AndroidManifest.xml:17:1-22:12
MERGED from [com.android.support:recyclerview-v7:27.1.1] AndroidManifest.xml:17:1-22:12
MERGED from [com.android.support:percent:27.1.1] AndroidManifest.xml:17:1-22:12
MERGED from [net.danlew:android.joda:2.9.9.4] AndroidManifest.xml:2:1-7:12
MERGED from [com.github.paolorotolo:expandableheightlistview:1.0.0] AndroidManifest.xml:2:1-11:12
MERGED from [de.hdodenhof:circleimageview:2.2.0] AndroidManifest.xml:2:1-11:12
MERGED from [com.jakewharton:butterknife:8.8.1] AndroidManifest.xml:2:1-7:12
MERGED from [com.getkeepsafe.relinker:relinker:1.2.2] AndroidManifest.xml:2:1-9:12
MERGED from [com.android.support:support-fragment:27.1.1] AndroidManifest.xml:17:1-22:12
MERGED from [com.android.support:animated-vector-drawable:27.1.1] AndroidManifest.xml:17:1-22:12
MERGED from [com.android.support:support-core-ui:27.1.1] AndroidManifest.xml:17:1-22:12
MERGED from [com.android.support:support-core-utils:27.1.1] AndroidManifest.xml:17:1-22:12
MERGED from [com.android.support:support-vector-drawable:27.1.1] AndroidManifest.xml:17:1-22:12
MERGED from [com.android.support:support-media-compat:27.1.1] AndroidManifest.xml:17:1-22:12
MERGED from [com.android.support:transition:27.1.1] AndroidManifest.xml:17:1-22:12
MERGED from [com.android.support:support-compat:27.1.1] AndroidManifest.xml:17:1-22:12
MERGED from [com.mikepenz:materialize:1.1.2] AndroidManifest.xml:2:1-12:12
MERGED from [com.mikepenz:iconics-core:3.0.3] AndroidManifest.xml:2:1-12:12
MERGED from [com.mikepenz:fastadapter:3.2.4] AndroidManifest.xml:2:1-12:12
MERGED from [com.mikepenz:fastadapter-extensions-expandable:3.2.4] AndroidManifest.xml:2:1-12:12
MERGED from [android.arch.lifecycle:livedata-core:1.1.0] AndroidManifest.xml:17:1-22:12
MERGED from [android.arch.lifecycle:viewmodel:1.1.0] AndroidManifest.xml:17:1-22:12
MERGED from [android.arch.lifecycle:runtime:1.1.0] AndroidManifest.xml:17:1-22:12
MERGED from [android.arch.core:runtime:1.1.0] AndroidManifest.xml:17:1-22:12
INJECTED from src\main\AndroidManifest.xml:2:1-159:12
INJECTED from src\main\AndroidManifest.xml:2:1-159:12
INJECTED from src\main\AndroidManifest.xml:2:1-159:12
	package
		ADDED from src\main\AndroidManifest.xml:3:5-27
		INJECTED from src\main\AndroidManifest.xml
		INJECTED from src\main\AndroidManifest.xml
	android:versionName
		ADDED from src\main\AndroidManifest.xml:5:5-30
		INJECTED from src\main\AndroidManifest.xml
		INJECTED from src\main\AndroidManifest.xml
	xmlns:android
		ADDED from src\main\AndroidManifest.xml:2:11-69
	android:versionCode
		ADDED from src\main\AndroidManifest.xml:4:5-28
		INJECTED from src\main\AndroidManifest.xml
		INJECTED from src\main\AndroidManifest.xml
uses-permission#android.permission.ACCESS_NETWORK_STATE
ADDED from src\main\AndroidManifest.xml:6:5-79
	android:name
		ADDED from src\main\AndroidManifest.xml:6:22-76
uses-permission#android.permission.INTERNET
ADDED from src\main\AndroidManifest.xml:7:5-66
	android:name
		ADDED from src\main\AndroidManifest.xml:7:22-64
uses-permission#android.permission.READ_EXTERNAL_STORAGE
ADDED from src\main\AndroidManifest.xml:8:5-80
	android:name
		ADDED from src\main\AndroidManifest.xml:8:22-77
uses-permission#android.permission.WRITE_EXTERNAL_STORAGE
ADDED from src\main\AndroidManifest.xml:9:5-81
	android:name
		ADDED from src\main\AndroidManifest.xml:9:22-78
uses-feature#android.hardware.touchscreen
ADDED from src\main\AndroidManifest.xml:10:5-12:36
	android:required
		ADDED from src\main\AndroidManifest.xml:12:9-33
	android:name
		ADDED from src\main\AndroidManifest.xml:11:9-52
application
ADDED from src\main\AndroidManifest.xml:13:5-157:19
MERGED from [uk.co.chrisjenx:calligraphy:2.3.0] AndroidManifest.xml:11:5-20
MERGED from [uk.co.chrisjenx:calligraphy:2.3.0] AndroidManifest.xml:11:5-20
MERGED from [com.android.support.constraint:constraint-layout:1.1.3] AndroidManifest.xml:9:5-20
MERGED from [com.android.support.constraint:constraint-layout:1.1.3] AndroidManifest.xml:9:5-20
MERGED from [de.hdodenhof:circleimageview:2.2.0] AndroidManifest.xml:9:5-20
MERGED from [de.hdodenhof:circleimageview:2.2.0] AndroidManifest.xml:9:5-20
	android:label
		ADDED from src\main\AndroidManifest.xml:16:9-41
	android:icon
		ADDED from src\main\AndroidManifest.xml:15:9-43
	android:allowBackup
		ADDED from src\main\AndroidManifest.xml:14:9-35
	android:theme
		ADDED from src\main\AndroidManifest.xml:18:9-40
	android:name
		ADDED from src\main\AndroidManifest.xml:17:9-52
activity#com.diabites.SplashActivity
ADDED from src\main\AndroidManifest.xml:19:9-26:20
	android:theme
		ADDED from src\main\AndroidManifest.xml:20:13-45
	android:name
		ADDED from src\main\AndroidManifest.xml:19:19-61
intent-filter#action:name:android.intent.action.MAIN+category:name:android.intent.category.LAUNCHER
ADDED from src\main\AndroidManifest.xml:21:13-25:29
action#android.intent.action.MAIN
ADDED from src\main\AndroidManifest.xml:22:17-69
	android:name
		ADDED from src\main\AndroidManifest.xml:22:25-66
category#android.intent.category.LAUNCHER
ADDED from src\main\AndroidManifest.xml:24:17-77
	android:name
		ADDED from src\main\AndroidManifest.xml:24:27-74
activity#com.ChoiceActivity
ADDED from src\main\AndroidManifest.xml:27:9-28:47
	android:theme
		ADDED from src\main\AndroidManifest.xml:28:13-45
	android:name
		ADDED from src\main\AndroidManifest.xml:27:19-52
activity#com.diabites.doctor.DoctorMainActivity
ADDED from src\main\AndroidManifest.xml:29:9-33:20
	android:label
		ADDED from src\main\AndroidManifest.xml:31:13-45
	android:name
		ADDED from src\main\AndroidManifest.xml:30:13-66
activity#com.diabites.client.ClientMainActivity
ADDED from src\main\AndroidManifest.xml:34:9-37:20
	android:label
		ADDED from src\main\AndroidManifest.xml:36:13-45
	android:name
		ADDED from src\main\AndroidManifest.xml:35:13-54
activity#com.diabites.android.activity.MainActivity
ADDED from src\main\AndroidManifest.xml:40:9-43:52
	android:label
		ADDED from src\main\AndroidManifest.xml:42:13-45
	android:theme
		ADDED from src\main\AndroidManifest.xml:43:13-49
	android:name
		ADDED from src\main\AndroidManifest.xml:41:13-58
activity#com.diabites.android.activity.HelloActivity
ADDED from src\main\AndroidManifest.xml:44:9-47:58
	android:label
		ADDED from src\main\AndroidManifest.xml:46:13-57
	android:theme
		ADDED from src\main\AndroidManifest.xml:47:13-55
	android:name
		ADDED from src\main\AndroidManifest.xml:45:13-59
activity#com.diabites.android.activity.PreferencesActivity
ADDED from src\main\AndroidManifest.xml:48:9-50:55
	android:theme
		ADDED from src\main\AndroidManifest.xml:50:13-52
	android:name
		ADDED from src\main\AndroidManifest.xml:49:13-65
activity#com.diabites.android.activity.ExternalLinkActivity
ADDED from src\main\AndroidManifest.xml:51:9-53:55
	android:theme
		ADDED from src\main\AndroidManifest.xml:53:13-52
	android:name
		ADDED from src\main\AndroidManifest.xml:52:13-66
activity#com.diabites.android.activity.AboutActivity
ADDED from src\main\AndroidManifest.xml:54:9-56:55
	android:theme
		ADDED from src\main\AndroidManifest.xml:56:13-52
	android:name
		ADDED from src\main\AndroidManifest.xml:55:13-59
activity#com.diabites.android.activity.AddGlucoseActivity
ADDED from src\main\AndroidManifest.xml:67:9-75:20
	android:parentActivityName
		ADDED from src\main\AndroidManifest.xml:70:13-72
	android:label
		ADDED from src\main\AndroidManifest.xml:69:13-63
	android:windowSoftInputMode
		ADDED from src\main\AndroidManifest.xml:71:13-55
	android:name
		ADDED from src\main\AndroidManifest.xml:68:13-64
meta-data#android.support.PARENT_ACTIVITY
ADDED from src\main\AndroidManifest.xml:72:13-74:66
	android:value
		ADDED from src\main\AndroidManifest.xml:74:17-63
	android:name
		ADDED from src\main\AndroidManifest.xml:73:17-63
activity#com.diabites.android.activity.AddWeightActivity
ADDED from src\main\AndroidManifest.xml:76:9-84:20
	android:parentActivityName
		ADDED from src\main\AndroidManifest.xml:79:13-72
	android:label
		ADDED from src\main\AndroidManifest.xml:78:13-62
	android:windowSoftInputMode
		ADDED from src\main\AndroidManifest.xml:80:13-55
	android:name
		ADDED from src\main\AndroidManifest.xml:77:13-63
activity#com.diabites.android.activity.AddCholesterolActivity
ADDED from src\main\AndroidManifest.xml:85:9-93:20
	android:parentActivityName
		ADDED from src\main\AndroidManifest.xml:88:13-72
	android:label
		ADDED from src\main\AndroidManifest.xml:87:13-67
	android:windowSoftInputMode
		ADDED from src\main\AndroidManifest.xml:89:13-55
	android:name
		ADDED from src\main\AndroidManifest.xml:86:13-68
activity#com.diabites.android.activity.AddKetoneActivity
ADDED from src\main\AndroidManifest.xml:94:9-102:20
	android:parentActivityName
		ADDED from src\main\AndroidManifest.xml:97:13-72
	android:label
		ADDED from src\main\AndroidManifest.xml:96:13-62
	android:windowSoftInputMode
		ADDED from src\main\AndroidManifest.xml:98:13-55
	android:name
		ADDED from src\main\AndroidManifest.xml:95:13-63
activity#com.diabites.android.activity.AddPressureActivity
ADDED from src\main\AndroidManifest.xml:103:9-111:20
	android:parentActivityName
		ADDED from src\main\AndroidManifest.xml:106:13-72
	android:label
		ADDED from src\main\AndroidManifest.xml:105:13-64
	android:windowSoftInputMode
		ADDED from src\main\AndroidManifest.xml:107:13-55
	android:name
		ADDED from src\main\AndroidManifest.xml:104:13-65
activity#com.diabites.android.activity.AddA1CActivity
ADDED from src\main\AndroidManifest.xml:112:9-120:20
	android:parentActivityName
		ADDED from src\main\AndroidManifest.xml:115:13-72
	android:label
		ADDED from src\main\AndroidManifest.xml:114:13-61
	android:windowSoftInputMode
		ADDED from src\main\AndroidManifest.xml:116:13-55
	android:name
		ADDED from src\main\AndroidManifest.xml:113:13-60
activity#com.diabites.android.activity.FreestyleLibreActivity
ADDED from src\main\AndroidManifest.xml:121:9-135:20
	android:screenOrientation
		ADDED from src\main\AndroidManifest.xml:123:13-49
	android:name
		ADDED from src\main\AndroidManifest.xml:122:13-68
intent-filter#action:name:android.nfc.action.TECH_DISCOVERED+category:name:android.intent.category.DEFAULT
ADDED from src\main\AndroidManifest.xml:126:13-130:29
action#android.nfc.action.TECH_DISCOVERED
ADDED from src\main\AndroidManifest.xml:127:17-77
	android:name
		ADDED from src\main\AndroidManifest.xml:127:25-74
category#android.intent.category.DEFAULT
ADDED from src\main\AndroidManifest.xml:129:17-76
	android:name
		ADDED from src\main\AndroidManifest.xml:129:27-73
meta-data#android.nfc.action.TECH_DISCOVERED
ADDED from src\main\AndroidManifest.xml:132:13-134:59
	android:resource
		ADDED from src\main\AndroidManifest.xml:134:17-56
	android:name
		ADDED from src\main\AndroidManifest.xml:133:17-66
activity#com.diabites.android.activity.A1cCalculatorActivity
ADDED from src\main\AndroidManifest.xml:136:9-145:20
	android:screenOrientation
		ADDED from src\main\AndroidManifest.xml:140:13-49
	android:parentActivityName
		ADDED from src\main\AndroidManifest.xml:139:13-72
	android:label
		ADDED from src\main\AndroidManifest.xml:138:13-61
	android:windowSoftInputMode
		ADDED from src\main\AndroidManifest.xml:141:13-55
	android:name
		ADDED from src\main\AndroidManifest.xml:137:13-67
activity#com.diabites.android.activity.RemindersActivity
ADDED from src\main\AndroidManifest.xml:146:9-81
	android:name
		ADDED from src\main\AndroidManifest.xml:146:19-69
activity#com.diabites.client.CliendashMainActivity
ADDED from src\main\AndroidManifest.xml:147:9-65
	android:name
		ADDED from src\main\AndroidManifest.xml:147:19-63
activity#com.diabites.client.UserprofileActivity
ADDED from src\main\AndroidManifest.xml:148:9-63
	android:name
		ADDED from src\main\AndroidManifest.xml:148:19-61
activity#com.diabites.doctor.DocprofileActivity
ADDED from src\main\AndroidManifest.xml:149:9-62
	android:name
		ADDED from src\main\AndroidManifest.xml:149:19-60
activity#com.diabites.doctor.DoctorDashMainActivity
ADDED from src\main\AndroidManifest.xml:150:9-66
	android:name
		ADDED from src\main\AndroidManifest.xml:150:19-64
activity#com.diabites.doctor.UserDetailActivity
ADDED from src\main\AndroidManifest.xml:151:9-152:49
	android:theme
		ADDED from src\main\AndroidManifest.xml:152:13-47
	android:name
		ADDED from src\main\AndroidManifest.xml:151:19-60
activity#com.diabites.client.DocprecpActivity
ADDED from src\main\AndroidManifest.xml:153:9-154:49
	android:theme
		ADDED from src\main\AndroidManifest.xml:154:13-47
	android:name
		ADDED from src\main\AndroidManifest.xml:153:19-58
activity#com.diabites.client.DocDetailActivity
ADDED from src\main\AndroidManifest.xml:155:9-156:49
	android:theme
		ADDED from src\main\AndroidManifest.xml:156:13-47
	android:name
		ADDED from src\main\AndroidManifest.xml:155:19-59
uses-sdk
INJECTED from src\main\AndroidManifest.xml reason: use-sdk injection requested
INJECTED from src\main\AndroidManifest.xml
INJECTED from src\main\AndroidManifest.xml
MERGED from [io.realm:realm-android-library:5.1.0] AndroidManifest.xml:6:5-8:41
MERGED from [io.realm:realm-android-library:5.1.0] AndroidManifest.xml:6:5-8:41
MERGED from [com.mikepenz:materialdrawer:6.0.7] AndroidManifest.xml:7:5-9:41
MERGED from [com.mikepenz:materialdrawer:6.0.7] AndroidManifest.xml:7:5-9:41
MERGED from [com.android.support:design:27.1.1] AndroidManifest.xml:20:5-44
MERGED from [com.android.support:design:27.1.1] AndroidManifest.xml:20:5-44
MERGED from [uk.co.chrisjenx:calligraphy:2.3.0] AndroidManifest.xml:7:5-9:41
MERGED from [uk.co.chrisjenx:calligraphy:2.3.0] AndroidManifest.xml:7:5-9:41
MERGED from [com.android.support:appcompat-v7:27.1.1] AndroidManifest.xml:20:5-44
MERGED from [com.android.support:appcompat-v7:27.1.1] AndroidManifest.xml:20:5-44
MERGED from [com.android.support:support-v4:27.1.1] AndroidManifest.xml:20:5-44
MERGED from [com.android.support:support-v4:27.1.1] AndroidManifest.xml:20:5-44
MERGED from [com.android.support.constraint:constraint-layout:1.1.3] AndroidManifest.xml:5:5-7:41
MERGED from [com.android.support.constraint:constraint-layout:1.1.3] AndroidManifest.xml:5:5-7:41
MERGED from [com.android.support:cardview-v7:27.1.1] AndroidManifest.xml:20:5-44
MERGED from [com.android.support:cardview-v7:27.1.1] AndroidManifest.xml:20:5-44
MERGED from [com.android.support:recyclerview-v7:27.1.1] AndroidManifest.xml:20:5-44
MERGED from [com.android.support:recyclerview-v7:27.1.1] AndroidManifest.xml:20:5-44
MERGED from [com.android.support:percent:27.1.1] AndroidManifest.xml:20:5-44
MERGED from [com.android.support:percent:27.1.1] AndroidManifest.xml:20:5-44
MERGED from [net.danlew:android.joda:2.9.9.4] AndroidManifest.xml:5:5-43
MERGED from [net.danlew:android.joda:2.9.9.4] AndroidManifest.xml:5:5-43
MERGED from [com.github.paolorotolo:expandableheightlistview:1.0.0] AndroidManifest.xml:7:5-9:41
MERGED from [com.github.paolorotolo:expandableheightlistview:1.0.0] AndroidManifest.xml:7:5-9:41
MERGED from [de.hdodenhof:circleimageview:2.2.0] AndroidManifest.xml:5:5-7:41
MERGED from [de.hdodenhof:circleimageview:2.2.0] AndroidManifest.xml:5:5-7:41
MERGED from [com.jakewharton:butterknife:8.8.1] AndroidManifest.xml:5:5-43
MERGED from [com.jakewharton:butterknife:8.8.1] AndroidManifest.xml:5:5-43
MERGED from [com.getkeepsafe.relinker:relinker:1.2.2] AndroidManifest.xml:7:5-43
MERGED from [com.getkeepsafe.relinker:relinker:1.2.2] AndroidManifest.xml:7:5-43
MERGED from [com.android.support:support-fragment:27.1.1] AndroidManifest.xml:20:5-44
MERGED from [com.android.support:support-fragment:27.1.1] AndroidManifest.xml:20:5-44
MERGED from [com.android.support:animated-vector-drawable:27.1.1] AndroidManifest.xml:20:5-44
MERGED from [com.android.support:animated-vector-drawable:27.1.1] AndroidManifest.xml:20:5-44
MERGED from [com.android.support:support-core-ui:27.1.1] AndroidManifest.xml:20:5-44
MERGED from [com.android.support:support-core-ui:27.1.1] AndroidManifest.xml:20:5-44
MERGED from [com.android.support:support-core-utils:27.1.1] AndroidManifest.xml:20:5-44
MERGED from [com.android.support:support-core-utils:27.1.1] AndroidManifest.xml:20:5-44
MERGED from [com.android.support:support-vector-drawable:27.1.1] AndroidManifest.xml:20:5-44
MERGED from [com.android.support:support-vector-drawable:27.1.1] AndroidManifest.xml:20:5-44
MERGED from [com.android.support:support-media-compat:27.1.1] AndroidManifest.xml:20:5-44
MERGED from [com.android.support:support-media-compat:27.1.1] AndroidManifest.xml:20:5-44
MERGED from [com.android.support:transition:27.1.1] AndroidManifest.xml:20:5-44
MERGED from [com.android.support:transition:27.1.1] AndroidManifest.xml:20:5-44
MERGED from [com.android.support:support-compat:27.1.1] AndroidManifest.xml:20:5-44
MERGED from [com.android.support:support-compat:27.1.1] AndroidManifest.xml:20:5-44
MERGED from [com.mikepenz:materialize:1.1.2] AndroidManifest.xml:8:5-10:41
MERGED from [com.mikepenz:materialize:1.1.2] AndroidManifest.xml:8:5-10:41
MERGED from [com.mikepenz:iconics-core:3.0.3] AndroidManifest.xml:8:5-10:41
MERGED from [com.mikepenz:iconics-core:3.0.3] AndroidManifest.xml:8:5-10:41
MERGED from [com.mikepenz:fastadapter:3.2.4] AndroidManifest.xml:8:5-10:41
MERGED from [com.mikepenz:fastadapter:3.2.4] AndroidManifest.xml:8:5-10:41
MERGED from [com.mikepenz:fastadapter-extensions-expandable:3.2.4] AndroidManifest.xml:8:5-10:41
MERGED from [com.mikepenz:fastadapter-extensions-expandable:3.2.4] AndroidManifest.xml:8:5-10:41
MERGED from [android.arch.lifecycle:livedata-core:1.1.0] AndroidManifest.xml:20:5-44
MERGED from [android.arch.lifecycle:livedata-core:1.1.0] AndroidManifest.xml:20:5-44
MERGED from [android.arch.lifecycle:viewmodel:1.1.0] AndroidManifest.xml:20:5-44
MERGED from [android.arch.lifecycle:viewmodel:1.1.0] AndroidManifest.xml:20:5-44
MERGED from [android.arch.lifecycle:runtime:1.1.0] AndroidManifest.xml:20:5-44
MERGED from [android.arch.lifecycle:runtime:1.1.0] AndroidManifest.xml:20:5-44
MERGED from [android.arch.core:runtime:1.1.0] AndroidManifest.xml:20:5-44
MERGED from [android.arch.core:runtime:1.1.0] AndroidManifest.xml:20:5-44
INJECTED from src\main\AndroidManifest.xml
INJECTED from src\main\AndroidManifest.xml
	android:targetSdkVersion
		INJECTED from src\main\AndroidManifest.xml
		ADDED from src\main\AndroidManifest.xml
		INJECTED from src\main\AndroidManifest.xml
	android:minSdkVersion
		INJECTED from src\main\AndroidManifest.xml
		ADDED from src\main\AndroidManifest.xml
		INJECTED from src\main\AndroidManifest.xml
meta-data#android.support.FILE_PROVIDER_PATHS
ADDED from src\main\AndroidManifest.xml:63:13-65:52
	android:resource
		ADDED from src\main\AndroidManifest.xml:65:17-49
	android:name
		ADDED from src\main\AndroidManifest.xml:64:17-67